Traceback (most recent call last):
  File "/Users/dig/nogi-rss/main.py", line 259, in <module>
    asyncio.run(main())
  File "/Library/Developer/CommandLineTools/Library/Frameworks/Python3.framework/Versions/3.9/lib/python3.9/asyncio/runners.py", line 44, in run
    return loop.run_until_complete(main)
  File "/Library/Developer/CommandLineTools/Library/Frameworks/Python3.framework/Versions/3.9/lib/python3.9/asyncio/base_events.py", line 642, in run_until_complete
    return future.result()
  File "/Users/dig/nogi-rss/main.py", line 246, in main
    generate_index(members)
NameError: name 'generate_index' is not defined
Traceback (most recent call last):
  File "/Users/dig/nogi-rss/main.py", line 71, in <module>
    asyncio.run(main())
  File "/Library/Developer/CommandLineTools/Library/Frameworks/Python3.framework/Versions/3.9/lib/python3.9/asyncio/runners.py", line 44, in run
    return loop.run_until_complete(main)
  File "/Library/Developer/CommandLineTools/Library/Frameworks/Python3.framework/Versions/3.9/lib/python3.9/asyncio/base_events.py", line 642, in run_until_complete
    return future.result()
  File "/Users/dig/nogi-rss/main.py", line 34, in main
    await detail.wait_for_selector("time")
  File "/Users/dig/Library/Python/3.9/lib/python/site-packages/playwright/async_api/_generated.py", line 8234, in wait_for_selector
    await self._impl_obj.wait_for_selector(
  File "/Users/dig/Library/Python/3.9/lib/python/site-packages/playwright/_impl/_page.py", line 419, in wait_for_selector
    return await self._main_frame.wait_for_selector(**locals_to_params(locals()))
  File "/Users/dig/Library/Python/3.9/lib/python/site-packages/playwright/_impl/_frame.py", line 369, in wait_for_selector
    await self._channel.send(
  File "/Users/dig/Library/Python/3.9/lib/python/site-packages/playwright/_impl/_connection.py", line 69, in send
    return await self._connection.wrap_api_call(
  File "/Users/dig/Library/Python/3.9/lib/python/site-packages/playwright/_impl/_connection.py", line 559, in wrap_api_call
    raise rewrite_error(error, f"{parsed_st['apiName']}: {error}") from None
playwright._impl._errors.TimeoutError: Page.wait_for_selector: Timeout 30000ms exceeded.
Call log:
  - waiting for locator("time") to be visible

Traceback (most recent call last):
  File "/Users/dig/nogi-rss/main.py", line 170, in <module>
    asyncio.run(main())
  File "/Library/Developer/CommandLineTools/Library/Frameworks/Python3.framework/Versions/3.9/lib/python3.9/asyncio/runners.py", line 44, in run
    return loop.run_until_complete(main)
  File "/Library/Developer/CommandLineTools/Library/Frameworks/Python3.framework/Versions/3.9/lib/python3.9/asyncio/base_events.py", line 642, in run_until_complete
    return future.result()
  File "/Users/dig/nogi-rss/main.py", line 147, in main
    items = await scrape()
  File "/Users/dig/nogi-rss/main.py", line 71, in scrape
    await page.wait_for_selector("li.c-article__item", timeout=60000)
  File "/Users/dig/Library/Python/3.9/lib/python/site-packages/playwright/async_api/_generated.py", line 8234, in wait_for_selector
    await self._impl_obj.wait_for_selector(
  File "/Users/dig/Library/Python/3.9/lib/python/site-packages/playwright/_impl/_page.py", line 419, in wait_for_selector
    return await self._main_frame.wait_for_selector(**locals_to_params(locals()))
  File "/Users/dig/Library/Python/3.9/lib/python/site-packages/playwright/_impl/_frame.py", line 369, in wait_for_selector
    await self._channel.send(
  File "/Users/dig/Library/Python/3.9/lib/python/site-packages/playwright/_impl/_connection.py", line 69, in send
    return await self._connection.wrap_api_call(
  File "/Users/dig/Library/Python/3.9/lib/python/site-packages/playwright/_impl/_connection.py", line 559, in wrap_api_call
    raise rewrite_error(error, f"{parsed_st['apiName']}: {error}") from None
playwright._impl._errors.TimeoutError: Page.wait_for_selector: Timeout 60000ms exceeded.
Call log:
  - waiting for locator("li.c-article__item") to be visible

Traceback (most recent call last):
  File "/Users/dig/nogi-rss/main.py", line 170, in <module>
    asyncio.run(main())
  File "/Library/Developer/CommandLineTools/Library/Frameworks/Python3.framework/Versions/3.9/lib/python3.9/asyncio/runners.py", line 44, in run
    return loop.run_until_complete(main)
  File "/Library/Developer/CommandLineTools/Library/Frameworks/Python3.framework/Versions/3.9/lib/python3.9/asyncio/base_events.py", line 642, in run_until_complete
    return future.result()
  File "/Users/dig/nogi-rss/main.py", line 147, in main
    items = await scrape()
  File "/Users/dig/nogi-rss/main.py", line 71, in scrape
    await page.wait_for_selector("li.c-article__item", timeout=60000)
  File "/Users/dig/Library/Python/3.9/lib/python/site-packages/playwright/async_api/_generated.py", line 8234, in wait_for_selector
    await self._impl_obj.wait_for_selector(
  File "/Users/dig/Library/Python/3.9/lib/python/site-packages/playwright/_impl/_page.py", line 419, in wait_for_selector
    return await self._main_frame.wait_for_selector(**locals_to_params(locals()))
  File "/Users/dig/Library/Python/3.9/lib/python/site-packages/playwright/_impl/_frame.py", line 369, in wait_for_selector
    await self._channel.send(
  File "/Users/dig/Library/Python/3.9/lib/python/site-packages/playwright/_impl/_connection.py", line 69, in send
    return await self._connection.wrap_api_call(
  File "/Users/dig/Library/Python/3.9/lib/python/site-packages/playwright/_impl/_connection.py", line 559, in wrap_api_call
    raise rewrite_error(error, f"{parsed_st['apiName']}: {error}") from None
playwright._impl._errors.TimeoutError: Page.wait_for_selector: Timeout 60000ms exceeded.
Call log:
  - waiting for locator("li.c-article__item") to be visible

Traceback (most recent call last):
  File "/Users/dig/nogi-rss/main.py", line 170, in <module>
    asyncio.run(main())
  File "/Library/Developer/CommandLineTools/Library/Frameworks/Python3.framework/Versions/3.9/lib/python3.9/asyncio/runners.py", line 44, in run
    return loop.run_until_complete(main)
  File "/Library/Developer/CommandLineTools/Library/Frameworks/Python3.framework/Versions/3.9/lib/python3.9/asyncio/base_events.py", line 642, in run_until_complete
    return future.result()
  File "/Users/dig/nogi-rss/main.py", line 147, in main
    items = await scrape()
  File "/Users/dig/nogi-rss/main.py", line 71, in scrape
    await page.wait_for_selector("li.c-article__item", timeout=60000)
  File "/Users/dig/Library/Python/3.9/lib/python/site-packages/playwright/async_api/_generated.py", line 8234, in wait_for_selector
    await self._impl_obj.wait_for_selector(
  File "/Users/dig/Library/Python/3.9/lib/python/site-packages/playwright/_impl/_page.py", line 419, in wait_for_selector
    return await self._main_frame.wait_for_selector(**locals_to_params(locals()))
  File "/Users/dig/Library/Python/3.9/lib/python/site-packages/playwright/_impl/_frame.py", line 369, in wait_for_selector
    await self._channel.send(
  File "/Users/dig/Library/Python/3.9/lib/python/site-packages/playwright/_impl/_connection.py", line 69, in send
    return await self._connection.wrap_api_call(
  File "/Users/dig/Library/Python/3.9/lib/python/site-packages/playwright/_impl/_connection.py", line 559, in wrap_api_call
    raise rewrite_error(error, f"{parsed_st['apiName']}: {error}") from None
playwright._impl._errors.TimeoutError: Page.wait_for_selector: Timeout 60000ms exceeded.
Call log:
  - waiting for locator("li.c-article__item") to be visible

Traceback (most recent call last):
  File "/Users/dig/nogi-rss/main.py", line 170, in <module>
    asyncio.run(main())
  File "/Library/Developer/CommandLineTools/Library/Frameworks/Python3.framework/Versions/3.9/lib/python3.9/asyncio/runners.py", line 44, in run
    return loop.run_until_complete(main)
  File "/Library/Developer/CommandLineTools/Library/Frameworks/Python3.framework/Versions/3.9/lib/python3.9/asyncio/base_events.py", line 642, in run_until_complete
    return future.result()
  File "/Users/dig/nogi-rss/main.py", line 147, in main
    items = await scrape()
  File "/Users/dig/nogi-rss/main.py", line 71, in scrape
    await page.wait_for_selector("li.c-article__item", timeout=60000)
  File "/Users/dig/Library/Python/3.9/lib/python/site-packages/playwright/async_api/_generated.py", line 8234, in wait_for_selector
    await self._impl_obj.wait_for_selector(
  File "/Users/dig/Library/Python/3.9/lib/python/site-packages/playwright/_impl/_page.py", line 419, in wait_for_selector
    return await self._main_frame.wait_for_selector(**locals_to_params(locals()))
  File "/Users/dig/Library/Python/3.9/lib/python/site-packages/playwright/_impl/_frame.py", line 369, in wait_for_selector
    await self._channel.send(
  File "/Users/dig/Library/Python/3.9/lib/python/site-packages/playwright/_impl/_connection.py", line 69, in send
    return await self._connection.wrap_api_call(
  File "/Users/dig/Library/Python/3.9/lib/python/site-packages/playwright/_impl/_connection.py", line 559, in wrap_api_call
    raise rewrite_error(error, f"{parsed_st['apiName']}: {error}") from None
playwright._impl._errors.TimeoutError: Page.wait_for_selector: Timeout 60000ms exceeded.
Call log:
  - waiting for locator("li.c-article__item") to be visible

