アクセス中...
取得数: 10
RSS作成完了
アクセス中...
取得数: 0
RSS作成完了
アクセス中...
取得数: 0
アクセス中...
取得エラー: 'JSHandle' object has no attribute 'query_selector'
取得エラー: 'JSHandle' object has no attribute 'query_selector'
取得エラー: 'JSHandle' object has no attribute 'query_selector'
取得エラー: 'JSHandle' object has no attribute 'query_selector'
取得エラー: 'JSHandle' object has no attribute 'query_selector'
取得エラー: 'JSHandle' object has no attribute 'query_selector'
取得エラー: 'JSHandle' object has no attribute 'query_selector'
取得エラー: 'JSHandle' object has no attribute 'query_selector'
取得エラー: 'JSHandle' object has no attribute 'query_selector'
取得エラー: 'JSHandle' object has no attribute 'query_selector'
取得数: 0
RSS作成完了
アクセス中...
検出リンク数: 10
取得数: 10
RSS作成完了
